DEB [20150331-11:49:04.193] thr=1   paramiko.transport: starting thread (client mode): 0x1d9ecd0L
INF [20150331-11:49:04.248] thr=1   paramiko.transport: Connected (version 2.0, client OpenSSH_4.3)
DEB [20150331-11:49:04.250] thr=1   paramiko.transport: kex algos:[u'diffie-hellman-group-exchange-sha1', u'diffie-hellman-group14-sha1', u'diffie-hellman-group1-sha1'] server key:[u'ssh-rsa', u'ssh-dss'] client encrypt:[u'aes128-ctr', u'aes192-ctr', u'aes256-ctr', u'arcfour256', u'arcfour128', u'aes128-cbc', u'3des-cbc', u'blowfish-cbc', u'cast128-cbc', u'aes192-cbc', u'aes256-cbc', u'arcfour', u'rijndael-cbc@lysator.liu.se'] server encrypt:[u'aes128-ctr', u'aes192-ctr', u'aes256-ctr', u'arcfour256', u'arcfour128', u'aes128-cbc', u'3des-cbc', u'blowfish-cbc', u'cast128-cbc', u'aes192-cbc', u'aes256-cbc', u'arcfour', u'rijndael-cbc@lysator.liu.se'] client mac:[u'hmac-md5', u'hmac-sha1', u'hmac-ripemd160', u'hmac-ripemd160@openssh.com', u'hmac-sha1-96', u'hmac-md5-96'] server mac:[u'hmac-md5', u'hmac-sha1', u'hmac-ripemd160', u'hmac-ripemd160@openssh.com', u'hmac-sha1-96', u'hmac-md5-96'] client compress:[u'none', u'zlib@openssh.com'] server compress:[u'none', u'zlib@openssh.com'] client lang:[u''] server lang:[u''] kex follows?False
DEB [20150331-11:49:04.250] thr=1   paramiko.transport: Ciphers agreed: local=aes128-ctr, remote=aes128-ctr
DEB [20150331-11:49:04.251] thr=1   paramiko.transport: using kex diffie-hellman-group14-sha1; server key type ssh-rsa; cipher: local aes128-ctr, remote aes128-ctr; mac: local hmac-sha1, remote hmac-sha1; compression: local none, remote none
DEB [20150331-11:49:04.539] thr=1   paramiko.transport: Switch to new keys ...
DEB [20150331-11:49:04.542] thr=2   paramiko.transport: Adding ssh-rsa host key for cfv-ux45-acsc8b2t: 1125083940c9431637d385aed12b9b6f
DEB [20150331-11:49:04.543] thr=2   paramiko.transport: Trying discovered key f1eeeaa86815581decc5f8ad2df64507 in /afs/cern.ch/user/a/apashnin/.ssh/id_dsa
DEB [20150331-11:49:04.543] thr=1   paramiko.transport: userauth is OK
INF [20150331-11:49:04.635] thr=1   paramiko.transport: Authentication (publickey) successful!
DEB [20150331-11:49:04.643] thr=2   paramiko.transport: [chan 0] Max packet in: 32768 bytes
DEB [20150331-11:49:04.644] thr=1   paramiko.transport: [chan 0] Max packet out: 32768 bytes
DEB [20150331-11:49:04.644] thr=1   paramiko.transport: Secsh channel 0 opened.
DEB [20150331-11:49:04.645] thr=2   paramiko.transport: [chan 1] Max packet in: 32768 bytes
DEB [20150331-11:49:04.645] thr=1   paramiko.transport: [chan 1] Max packet out: 32768 bytes
DEB [20150331-11:49:04.645] thr=1   paramiko.transport: Secsh channel 1 opened.
DEB [20150331-11:49:04.647] thr=1   paramiko.transport: [chan 1] Sesch channel 1 request ok
DEB [20150331-11:49:04.688] thr=1   paramiko.transport: [chan 1] EOF received (1)
DEB [20150331-11:49:04.688] thr=1   paramiko.transport: [chan 1] EOF sent (1)
DEB [20150331-11:49:04.689] thr=2   paramiko.transport: [chan 2] Max packet in: 32768 bytes
DEB [20150331-11:49:04.729] thr=1   paramiko.transport: [chan 2] Max packet out: 32768 bytes
DEB [20150331-11:49:04.729] thr=1   paramiko.transport: Secsh channel 2 opened.
DEB [20150331-11:49:04.755] thr=1   paramiko.transport: [chan 2] Sesch channel 2 request ok
DEB [20150331-11:49:04.756] thr=1   paramiko.transport: [chan 2] Sesch channel 2 request ok
DEB [20150331-11:49:04.797] thr=1   paramiko.transport: [chan 2] EOF received (2)
DEB [20150331-11:49:04.797] thr=1   paramiko.transport: [chan 2] EOF sent (2)
DEB [20150331-11:49:04.798] thr=2   paramiko.transport: [chan 3] Max packet in: 32768 bytes
DEB [20150331-11:49:04.838] thr=1   paramiko.transport: [chan 3] Max packet out: 32768 bytes
DEB [20150331-11:49:04.838] thr=1   paramiko.transport: Secsh channel 3 opened.
DEB [20150331-11:49:04.863] thr=1   paramiko.transport: [chan 3] Sesch channel 3 request ok
DEB [20150331-11:49:04.864] thr=1   paramiko.transport: [chan 3] Sesch channel 3 request ok
DEB [20150331-11:49:04.903] thr=1   paramiko.transport: [chan 3] EOF received (3)
DEB [20150331-11:49:04.904] thr=1   paramiko.transport: [chan 3] EOF sent (3)
DEB [20150331-11:49:04.905] thr=2   paramiko.transport: [chan 4] Max packet in: 32768 bytes
DEB [20150331-11:49:04.945] thr=1   paramiko.transport: [chan 4] Max packet out: 32768 bytes
DEB [20150331-11:49:04.945] thr=1   paramiko.transport: Secsh channel 4 opened.
DEB [20150331-11:49:04.970] thr=1   paramiko.transport: [chan 4] Sesch channel 4 request ok
DEB [20150331-11:49:05.010] thr=1   paramiko.transport: [chan 4] EOF received (4)
DEB [20150331-11:49:05.010] thr=1   paramiko.transport: [chan 4] EOF sent (4)
DEB [20150331-11:49:05.010] thr=2   paramiko.transport: [chan 5] Max packet in: 32768 bytes
DEB [20150331-11:49:05.051] thr=1   paramiko.transport: [chan 5] Max packet out: 32768 bytes
DEB [20150331-11:49:05.052] thr=1   paramiko.transport: Secsh channel 5 opened.
DEB [20150331-11:49:05.075] thr=1   paramiko.transport: [chan 5] Sesch channel 5 request ok
DEB [20150331-11:49:05.117] thr=1   paramiko.transport: [chan 5] EOF received (5)
DEB [20150331-11:49:05.117] thr=1   paramiko.transport: [chan 5] EOF sent (5)
DEB [20150331-11:49:05.117] thr=2   paramiko.transport: [chan 6] Max packet in: 32768 bytes
DEB [20150331-11:49:05.158] thr=1   paramiko.transport: [chan 6] Max packet out: 32768 bytes
DEB [20150331-11:49:05.158] thr=1   paramiko.transport: Secsh channel 6 opened.
DEB [20150331-11:49:05.183] thr=1   paramiko.transport: [chan 6] Sesch channel 6 request ok
DEB [20150331-11:49:05.184] thr=1   paramiko.transport: [chan 6] Sesch channel 6 request ok
DEB [20150331-11:49:05.224] thr=1   paramiko.transport: [chan 6] EOF received (6)
DEB [20150331-11:49:05.225] thr=1   paramiko.transport: [chan 6] EOF sent (6)
DEB [20150331-11:49:05.225] thr=2   paramiko.transport: [chan 7] Max packet in: 32768 bytes
DEB [20150331-11:49:05.266] thr=1   paramiko.transport: [chan 7] Max packet out: 32768 bytes
DEB [20150331-11:49:05.266] thr=1   paramiko.transport: Secsh channel 7 opened.
DEB [20150331-11:49:05.290] thr=1   paramiko.transport: [chan 7] Sesch channel 7 request ok
DEB [20150331-11:49:05.330] thr=1   paramiko.transport: [chan 7] EOF received (7)
DEB [20150331-11:49:05.330] thr=1   paramiko.transport: [chan 7] EOF sent (7)
DEB [20150331-11:49:05.331] thr=2   paramiko.transport: [chan 8] Max packet in: 32768 bytes
DEB [20150331-11:49:05.371] thr=1   paramiko.transport: [chan 8] Max packet out: 32768 bytes
DEB [20150331-11:49:05.371] thr=1   paramiko.transport: Secsh channel 8 opened.
DEB [20150331-11:49:05.396] thr=1   paramiko.transport: [chan 8] Sesch channel 8 request ok
DEB [20150331-11:49:05.397] thr=1   paramiko.transport: [chan 8] Sesch channel 8 request ok
DEB [20150331-11:49:11.442] thr=1   paramiko.transport: [chan 8] EOF received (8)
DEB [20150331-11:49:11.443] thr=1   paramiko.transport: [chan 8] EOF sent (8)
DEB [20150331-11:49:11.443] thr=2   paramiko.transport: [chan 9] Max packet in: 32768 bytes
DEB [20150331-11:49:11.485] thr=1   paramiko.transport: [chan 9] Max packet out: 32768 bytes
DEB [20150331-11:49:11.485] thr=1   paramiko.transport: Secsh channel 9 opened.
DEB [20150331-11:49:11.508] thr=1   paramiko.transport: [chan 9] Sesch channel 9 request ok
DEB [20150331-11:49:11.549] thr=1   paramiko.transport: [chan 9] EOF received (9)
DEB [20150331-11:49:11.549] thr=1   paramiko.transport: [chan 9] EOF sent (9)
DEB [20150331-11:49:11.549] thr=2   paramiko.transport: [chan 10] Max packet in: 32768 bytes
DEB [20150331-11:49:11.590] thr=1   paramiko.transport: [chan 10] Max packet out: 32768 bytes
DEB [20150331-11:49:11.590] thr=1   paramiko.transport: Secsh channel 10 opened.
DEB [20150331-11:49:11.614] thr=1   paramiko.transport: [chan 10] Sesch channel 10 request ok
DEB [20150331-11:49:11.654] thr=1   paramiko.transport: [chan 10] EOF received (10)
DEB [20150331-11:49:11.656] thr=1   paramiko.transport: EOF in transport thread
