#
# A fatal error has been detected by the Java Runtime Environment:
#
#  SIGBUS (0x7) at pc=0x00007f1627716802, pid=21279, tid=139733423003392
#
# JRE version: Java(TM) SE Runtime Environment (8.0_66-b17) (build 1.8.0_66-b17)
# Java VM: Java HotSpot(TM) 64-Bit Server VM (25.66-b17 mixed mode linux-amd64 compressed oops)
# Problematic frame:
# C  [libzip.so+0x11802]  newEntry+0x62
#
# Core dump written. Default location: /nfs/cs-ccr-nfsdev/vol1/u1/apashnin/src/scripts/python3/xetter_ltim/core or core.21279
#
# If you would like to submit a bug report, please visit:
#   http://bugreport.java.com/bugreport/crash.jsp
# The crash happened outside the Java Virtual Machine in native code.
# See problematic frame for where to report the bug.
#

---------------  T H R E A D  ---------------

Current thread (0x0000000002b6b800):  JavaThread "main" [_thread_in_native, id=21279, stack(0x00007ffe7ae86000,0x00007ffe7af86000)]

siginfo: si_signo: 7 (SIGBUS), si_code: 2 (BUS_ADRERR), si_addr: 0x00007f162984c612

Registers:
RAX=0x0000000004a9dc20, RBX=0x0000000004016950, RCX=0x0000000004a9dc10, RDX=0x0000000004a9dc20
RSP=0x00007ffe7af7e8b0, RBP=0x00007ffe7af7e900, RSI=0x0000000000000000, RDI=0x0000000004a8c580
R8 =0x0000000000000000, R9 =0x00007ffe7af7e980, R10=0x0000000000000048, R11=0x00000000d7d35bc0
R12=0x00007f162984c5f5, R13=0x0000000004a9dc20, R14=0x00000000e1a8cbba, R15=0x0000000004016460
RIP=0x00007f1627716802, EFLAGS=0x0000000000010206, CSGSFS=0x0000000000000033, ERR=0x0000000000000004
  TRAPNO=0x000000000000000e

Top of Stack: (sp=0x00007ffe7af7e8b0)
0x00007ffe7af7e8b0:   00007ffe7af7e970 00007f1600000000
0x00007ffe7af7e8c0:   00000000040165d0 00007f1628631a1e
0x00007ffe7af7e8d0:   0000000004a9dc20 0000000004016950
0x00007ffe7af7e8e0:   00000000041eeec0 0000000004016460
0x00007ffe7af7e8f0:   00000000e1a8cbba 0000000000000042
0x00007ffe7af7e900:   00007ffe7af7e960 00007f1627716f5f
0x00007ffe7af7e910:   0000000002b6b800 0100000002b6b800
0x00007ffe7af7e920:   00007ffe7af7e980 00007ffe7af7e9c3
0x00007ffe7af7e930:   00007ffe7af7e9c1 00007ffe7af7e980
0x00007ffe7af7e940:   0000000000000042 0000000002b6b9f8
0x00007ffe7af7e950:   00007ffe7af7edd8 0000000000000001
0x00007ffe7af7e960:   00007ffe7af7edc0 00007f1627708d60
0x00007ffe7af7e970:   00007ffe7af7fb18 0000000004016460
0x00007ffe7af7e980:   70616a2f6e726563 6e692f7478652f63
0x00007ffe7af7e990:   2f6c706d692f6163 7470697263736564
0x00007ffe7af7e9a0:   5361636e492f726f 6c6156656c706d69
0x00007ffe7af7e9b0:   6972637365446575 616c632e726f7470
0x00007ffe7af7e9c0:   00007ffe00007373 00007ffe7af7fb30
0x00007ffe7af7e9d0:   00007ffe7af7fae8 00007ffe7af7faec
0x00007ffe7af7e9e0:   00007ffe7af7fae0 00007ffe7af7fae4
0x00007ffe7af7e9f0:   00007ffe7af7fad8 00007ffe7af7fadc
0x00007ffe7af7ea00:   00007ffe7af7fad0 00007ffe7af7fad4
0x00007ffe7af7ea10:   00007ffe7af7fac8 00007ffe7af7facc
0x00007ffe7af7ea20:   00007ffe7af7fac0 00007ffe7af7fac4
0x00007ffe7af7ea30:   00007ffe7af7fab8 00007ffe7af7fabc
0x00007ffe7af7ea40:   00007ffe7af7fab0 00007ffe7af7fab4
0x00007ffe7af7ea50:   00007ffe7af7faa8 00007ffe7af7faac
0x00007ffe7af7ea60:   00007ffe7af7faa0 00007ffe7af7faa4
0x00007ffe7af7ea70:   00000000ffffffff 00007ffe7af7ef20
0x00007ffe7af7ea80:   0000000000000000 00007f1628716dc4
0x00007ffe7af7ea90:   000000007af80210 00000000000009af
0x00007ffe7af7eaa0:   0000000000000000 00007ffe7af7fd20 

Instructions: (pc=0x00007f1627716802)
0x00007f16277167e2:   00 48 c7 40 28 00 00 00 00 41 80 7f 30 00 0f 84
0x00007f16277167f2:   8a 02 00 00 4c 8b 63 08 4d 2b 67 28 4d 03 67 18
0x00007f1627716802:   41 0f b6 5c 24 1d 41 0f b6 44 24 1c c1 e3 08 09
0x00007f1627716812:   c3 41 0f b6 44 24 1e 88 45 bd 41 0f b6 54 24 20 

Register to memory mapping:

RAX=0x0000000004a9dc20 is an unknown value
RBX=0x0000000004016950 is an unknown value
RCX=0x0000000004a9dc10 is an unknown value
RDX=0x0000000004a9dc20 is an unknown value
RSP=0x00007ffe7af7e8b0 is pointing into the stack for thread: 0x0000000002b6b800
RBP=0x00007ffe7af7e900 is pointing into the stack for thread: 0x0000000002b6b800
RSI=0x0000000000000000 is an unknown value
RDI=0x0000000004a8c580 is an unknown value
R8 =0x0000000000000000 is an unknown value
R9 =0x00007ffe7af7e980 is pointing into the stack for thread: 0x0000000002b6b800
R10=0x0000000000000048 is an unknown value
R11=0x00000000d7d35bc0 is an oop
